  Main.cpp
  MainComponent.cpp
  Metronome.cpp
  BinaryData.cpp
  include_juce_audio_basics.cpp
  include_juce_audio_devices.cpp
  include_juce_audio_formats.cpp
  include_juce_audio_processors.cpp
  include_juce_audio_utils.cpp
  include_juce_core.cpp
  include_juce_data_structures.cpp
  include_juce_events.cpp
  include_juce_graphics.cpp
F:\Programming\Juce\LearnJuce\Metronome\Source\MainComponent.cpp(10,43): warning C4244: 'argument': conversion from 'double' to 'int', possible loss of data
F:\Programming\Juce\LearnJuce\Metronome\Source\MainComponent.cpp(79,10): warning C4189: 'buffer': local variable is initialized but not referenced
F:\Programming\Juce\LearnJuce\Metronome\Source\MainComponent.cpp(142,44): warning C4244: 'argument': conversion from 'double' to 'int', possible loss of data
F:\Programming\Juce\LearnJuce\Metronome\Source\Metronome.cpp(75,43): warning C4244: 'argument': conversion from 'double' to 'int', possible loss of data
F:\Programming\Juce\LearnJuce\Metronome\Source\Metronome.cpp(86,29): warning C4244: '=': conversion from 'double' to 'int', possible loss of data
F:\Programming\Juce\LearnJuce\Metronome\Source\Main.cpp(24,42): warning C4100: 'commandLine': unreferenced formal parameter
F:\Programming\Juce\LearnJuce\Metronome\Source\Main.cpp(46,54): warning C4100: 'commandLine': unreferenced formal parameter
  include_juce_gui_basics.cpp
  include_juce_gui_extra.cpp
  Generating code
  Finished generating code
  Metronome_App.vcxproj -> F:\Programming\Juce\LearnJuce\Metronome\Builds\VisualStudio2019\x64\Release\App\Metronome.exe
